# JRE version: Java(TM) SE Runtime Environment (8.0_202-b08) (build 1.8.0_202-b08)
# Java VM: Java HotSpot(TM) 64-Bit Server VM (25.202-b08 mixed mode bsd-amd64 compressed oops)
Heap:
 PSYoungGen      total 94720K, used 13484K [0x000000076ab00000, 0x0000000771680000, 0x00000007c0000000)
  eden space 88576K, 14% used [0x000000076ab00000,0x000000076b7eb2f8,0x0000000770180000)
  from space 6144K, 4% used [0x0000000771080000,0x00000007710c0000,0x0000000771680000)
  to   space 10752K, 0% used [0x0000000770180000,0x0000000770180000,0x0000000770c00000)
 ParOldGen       total 119808K, used 15609K [0x00000006c0000000, 0x00000006c7500000, 0x000000076ab00000)
  object space 119808K, 13% used [0x00000006c0000000,0x00000006c0f3e5b8,0x00000006c7500000)
 Metaspace       used 21232K, capacity 21535K, committed 22016K, reserved 1069056K
  class space    used 2107K, capacity 2190K, committed 2304K, reserved 1048576K
GC Heap History (10 events):
Event: 5.132 GC heap before
{Heap before GC invocations=1 (full 0):
 PSYoungGen      total 76288K, used 63716K [0x000000076ab00000, 0x0000000770000000, 0x00000007c0000000)
  eden space 65536K, 97% used [0x000000076ab00000,0x000000076e939320,0x000000076eb00000)
  from space 10752K, 0% used [0x000000076f580000,0x000000076f580000,0x0000000770000000)
  to   space 10752K, 0% used [0x000000076eb00000,0x000000076eb00000,0x000000076f580000)
 ParOldGen       total 175104K, used 0K [0x00000006c0000000, 0x00000006cab00000, 0x000000076ab00000)
  object space 175104K, 0% used [0x00000006c0000000,0x00000006c0000000,0x00000006cab00000)
 Metaspace       used 19254K, capacity 19535K, committed 19840K, reserved 1067008K
  class space    used 1997K, capacity 2084K, committed 2176K, reserved 1048576K
Event: 5.140 GC heap after
Heap after GC invocations=1 (full 0):
 PSYoungGen      total 76288K, used 10720K [0x000000076ab00000, 0x0000000770000000, 0x00000007c0000000)
  eden space 65536K, 0% used [0x000000076ab00000,0x000000076ab00000,0x000000076eb00000)
  from space 10752K, 99% used [0x000000076eb00000,0x000000076f5783a0,0x000000076f580000)
  to   space 10752K, 0% used [0x000000076f580000,0x000000076f580000,0x0000000770000000)
 ParOldGen       total 175104K, used 467K [0x00000006c0000000, 0x00000006cab00000, 0x000000076ab00000)
  object space 175104K, 0% used [0x00000006c0000000,0x00000006c0074c58,0x00000006cab00000)
 Metaspace       used 19254K, capacity 19535K, committed 19840K, reserved 1067008K
  class space    used 1997K, capacity 2084K, committed 2176K, reserved 1048576K
}
Event: 5.587 GC heap before
{Heap before GC invocations=2 (full 0):
 PSYoungGen      total 76288K, used 42737K [0x000000076ab00000, 0x0000000770000000, 0x00000007c0000000)
  eden space 65536K, 48% used [0x000000076ab00000,0x000000076ca44260,0x000000076eb00000)
  from space 10752K, 99% used [0x000000076eb00000,0x000000076f5783a0,0x000000076f580000)
  to   space 10752K, 0% used [0x000000076f580000,0x000000076f580000,0x0000000770000000)
 ParOldGen       total 175104K, used 467K [0x00000006c0000000, 0x00000006cab00000, 0x000000076ab00000)
  object space 175104K, 0% used [0x00000006c0000000,0x00000006c0074c58,0x00000006cab00000)
 Metaspace       used 20613K, capacity 20967K, committed 21248K, reserved 1069056K
  class space    used 2094K, capacity 2194K, committed 2304K, reserved 1048576K
Event: 5.593 GC heap after
Heap after GC invocations=2 (full 0):
 PSYoungGen      total 76288K, used 10730K [0x000000076ab00000, 0x0000000770000000, 0x00000007c0000000)
  eden space 65536K, 0% used [0x000000076ab00000,0x000000076ab00000,0x000000076eb00000)
  from space 10752K, 99% used [0x000000076f580000,0x000000076fffa910,0x0000000770000000)
  to   space 10752K, 0% used [0x000000076eb00000,0x000000076eb00000,0x000000076f580000)
 ParOldGen       total 175104K, used 5375K [0x00000006c0000000, 0x00000006cab00000, 0x000000076ab00000)
  object space 175104K, 3% used [0x00000006c0000000,0x00000006c053fe48,0x00000006cab00000)
 Metaspace       used 20613K, capacity 20967K, committed 21248K, reserved 1069056K
  class space    used 2094K, capacity 2194K, committed 2304K, reserved 1048576K
}
Event: 5.593 GC heap before
{Heap before GC invocations=3 (full 1):
 PSYoungGen      total 76288K, used 10730K [0x000000076ab00000, 0x0000000770000000, 0x00000007c0000000)
  eden space 65536K, 0% used [0x000000076ab00000,0x000000076ab00000,0x000000076eb00000)
  from space 10752K, 99% used [0x000000076f580000,0x000000076fffa910,0x0000000770000000)
  to   space 10752K, 0% used [0x000000076eb00000,0x000000076eb00000,0x000000076f580000)
 ParOldGen       total 175104K, used 5375K [0x00000006c0000000, 0x00000006cab00000, 0x000000076ab00000)
  object space 175104K, 3% used [0x00000006c0000000,0x00000006c053fe48,0x00000006cab00000)
 Metaspace       used 20613K, capacity 20967K, committed 21248K, reserved 1069056K
  class space    used 2094K, capacity 2194K, committed 2304K, reserved 1048576K
Event: 5.631 GC heap after
Heap after GC invocations=3 (full 1):
 PSYoungGen      total 76288K, used 0K [0x000000076ab00000, 0x0000000770000000, 0x00000007c0000000)
  eden space 65536K, 0% used [0x000000076ab00000,0x000000076ab00000,0x000000076eb00000)
  from space 10752K, 0% used [0x000000076f580000,0x000000076f580000,0x0000000770000000)
  to   space 10752K, 0% used [0x000000076eb00000,0x000000076eb00000,0x000000076f580000)
 ParOldGen       total 119808K, used 15593K [0x00000006c0000000, 0x00000006c7500000, 0x000000076ab00000)
  object space 119808K, 13% used [0x00000006c0000000,0x00000006c0f3a5b8,0x00000006c7500000)
 Metaspace       used 20602K, capacity 20943K, committed 21248K, reserved 1069056K
  class space    used 2090K, capacity 2186K, committed 2304K, reserved 1048576K
}
Event: 17.886 GC heap before
{Heap before GC invocations=4 (full 1):
 PSYoungGen      total 76288K, used 65536K [0x000000076ab00000, 0x0000000770000000, 0x00000007c0000000)
  eden space 65536K, 100% used [0x000000076ab00000,0x000000076eb00000,0x000000076eb00000)
  from space 10752K, 0% used [0x000000076f580000,0x000000076f580000,0x0000000770000000)
  to   space 10752K, 0% used [0x000000076eb00000,0x000000076eb00000,0x000000076f580000)
 ParOldGen       total 119808K, used 15593K [0x00000006c0000000, 0x00000006c7500000, 0x000000076ab00000)
  object space 119808K, 13% used [0x00000006c0000000,0x00000006c0f3a5b8,0x00000006c7500000)
 Metaspace       used 21133K, capacity 21461K, committed 21760K, reserved 1069056K
  class space    used 2090K, capacity 2187K, committed 2304K, reserved 1048576K
Event: 17.887 GC heap after
Heap after GC invocations=4 (full 1):
 PSYoungGen      total 76288K, used 192K [0x000000076ab00000, 0x0000000771b00000, 0x00000007c0000000)
  eden space 65536K, 0% used [0x000000076ab00000,0x000000076ab00000,0x000000076eb00000)
  from space 10752K, 1% used [0x000000076eb00000,0x000000076eb30000,0x000000076f580000)
  to   space 10752K, 0% used [0x0000000771080000,0x0000000771080000,0x0000000771b00000)
 ParOldGen       total 119808K, used 15601K [0x00000006c0000000, 0x00000006c7500000, 0x000000076ab00000)
  object space 119808K, 13% used [0x00000006c0000000,0x00000006c0f3c5b8,0x00000006c7500000)
 Metaspace       used 21133K, capacity 21461K, committed 21760K, reserved 1069056K
  class space    used 2090K, capacity 2187K, committed 2304K, reserved 1048576K
}
Event: 31.323 GC heap before
{Heap before GC invocations=5 (full 1):
 PSYoungGen      total 76288K, used 65728K [0x000000076ab00000, 0x0000000771b00000, 0x00000007c0000000)
  eden space 65536K, 100% used [0x000000076ab00000,0x000000076eb00000,0x000000076eb00000)
  from space 10752K, 1% used [0x000000076eb00000,0x000000076eb30000,0x000000076f580000)
  to   space 10752K, 0% used [0x0000000771080000,0x0000000771080000,0x0000000771b00000)
 ParOldGen       total 119808K, used 15601K [0x00000006c0000000, 0x00000006c7500000, 0x000000076ab00000)
  object space 119808K, 13% used [0x00000006c0000000,0x00000006c0f3c5b8,0x00000006c7500000)
 Metaspace       used 21135K, capacity 21461K, committed 21760K, reserved 1069056K
  class space    used 2090K, capacity 2187K, committed 2304K, reserved 1048576K
Event: 31.324 GC heap after
Heap after GC invocations=5 (full 1):
 PSYoungGen      total 94720K, used 256K [0x000000076ab00000, 0x0000000771680000, 0x00000007c0000000)
  eden space 88576K, 0% used [0x000000076ab00000,0x000000076ab00000,0x0000000770180000)
  from space 6144K, 4% used [0x0000000771080000,0x00000007710c0000,0x0000000771680000)
  to   space 10752K, 0% used [0x0000000770180000,0x0000000770180000,0x0000000770c00000)
 ParOldGen       total 119808K, used 15609K [0x00000006c0000000, 0x00000006c7500000, 0x000000076ab00000)
  object space 119808K, 13% used [0x00000006c0000000,0x00000006c0f3e5b8,0x00000006c7500000)
 Metaspace       used 21135K, capacity 21461K, committed 21760K, reserved 1069056K
  class space    used 2090K, capacity 2187K, committed 2304K, reserved 1048576K
}

