# JRE version: Java(TM) SE Runtime Environment (8.0_202-b08) (build 1.8.0_202-b08)
# Java VM: Java HotSpot(TM) 64-Bit Server VM (25.202-b08 mixed mode bsd-amd64 compressed oops)
Heap:
 PSYoungGen      total 156160K, used 24719K [0x000000076ab00000, 0x0000000780e80000, 0x00000007c0000000)
  eden space 151552K, 16% used [0x000000076ab00000,0x000000076c2d3e68,0x0000000773f00000)
  from space 4608K, 6% used [0x0000000780580000,0x00000007805d0000,0x0000000780a00000)
  to   space 4096K, 0% used [0x0000000780a80000,0x0000000780a80000,0x0000000780e80000)
 ParOldGen       total 175104K, used 17233K [0x00000006c0000000, 0x00000006cab00000, 0x000000076ab00000)
  object space 175104K, 9% used [0x00000006c0000000,0x00000006c10d44a0,0x00000006cab00000)
 Metaspace       used 20087K, capacity 20451K, committed 20608K, reserved 1067008K
  class space    used 1990K, capacity 2090K, committed 2176K, reserved 1048576K
GC Heap History (10 events):
Event: 30.481 GC heap before
{Heap before GC invocations=35 (full 0):
 PSYoungGen      total 180736K, used 180544K [0x000000076ab00000, 0x0000000781800000, 0x00000007c0000000)
  eden space 180224K, 100% used [0x000000076ab00000,0x0000000775b00000,0x0000000775b00000)
  from space 512K, 62% used [0x0000000781780000,0x00000007817d0000,0x0000000781800000)
  to   space 6144K, 0% used [0x0000000780c00000,0x0000000780c00000,0x0000000781200000)
 ParOldGen       total 175104K, used 17193K [0x00000006c0000000, 0x00000006cab00000, 0x000000076ab00000)
  object space 175104K, 9% used [0x00000006c0000000,0x00000006c10ca4a0,0x00000006cab00000)
 Metaspace       used 20027K, capacity 20383K, committed 20608K, reserved 1067008K
  class space    used 1979K, capacity 2088K, committed 2176K, reserved 1048576K
Event: 30.482 GC heap after
Heap after GC invocations=35 (full 0):
 PSYoungGen      total 180224K, used 256K [0x000000076ab00000, 0x0000000781800000, 0x00000007c0000000)
  eden space 174080K, 0% used [0x000000076ab00000,0x000000076ab00000,0x0000000775500000)
  from space 6144K, 4% used [0x0000000780c00000,0x0000000780c40000,0x0000000781200000)
  to   space 5632K, 0% used [0x0000000781280000,0x0000000781280000,0x0000000781800000)
 ParOldGen       total 175104K, used 17193K [0x00000006c0000000, 0x00000006cab00000, 0x000000076ab00000)
  object space 175104K, 9% used [0x00000006c0000000,0x00000006c10ca4a0,0x00000006cab00000)
 Metaspace       used 20027K, capacity 20383K, committed 20608K, reserved 1067008K
  class space    used 1979K, capacity 2088K, committed 2176K, reserved 1048576K
}
Event: 30.923 GC heap before
{Heap before GC invocations=36 (full 0):
 PSYoungGen      total 180224K, used 174336K [0x000000076ab00000, 0x0000000781800000, 0x00000007c0000000)
  eden space 174080K, 100% used [0x000000076ab00000,0x0000000775500000,0x0000000775500000)
  from space 6144K, 4% used [0x0000000780c00000,0x0000000780c40000,0x0000000781200000)
  to   space 5632K, 0% used [0x0000000781280000,0x0000000781280000,0x0000000781800000)
 ParOldGen       total 175104K, used 17193K [0x00000006c0000000, 0x00000006cab00000, 0x000000076ab00000)
  object space 175104K, 9% used [0x00000006c0000000,0x00000006c10ca4a0,0x00000006cab00000)
 Metaspace       used 20032K, capacity 20383K, committed 20608K, reserved 1067008K
  class space    used 1979K, capacity 2088K, committed 2176K, reserved 1048576K
Event: 30.924 GC heap after
Heap after GC invocations=36 (full 0):
 PSYoungGen      total 168448K, used 256K [0x000000076ab00000, 0x0000000781300000, 0x00000007c0000000)
  eden space 167936K, 0% used [0x000000076ab00000,0x000000076ab00000,0x0000000774f00000)
  from space 512K, 50% used [0x0000000781280000,0x00000007812c0000,0x0000000781300000)
  to   space 5120K, 0% used [0x0000000780900000,0x0000000780900000,0x0000000780e00000)
 ParOldGen       total 175104K, used 17201K [0x00000006c0000000, 0x00000006cab00000, 0x000000076ab00000)
  object space 175104K, 9% used [0x00000006c0000000,0x00000006c10cc4a0,0x00000006cab00000)
 Metaspace       used 20032K, capacity 20383K, committed 20608K, reserved 1067008K
  class space    used 1979K, capacity 2088K, committed 2176K, reserved 1048576K
}
Event: 31.328 GC heap before
{Heap before GC invocations=37 (full 0):
 PSYoungGen      total 168448K, used 168192K [0x000000076ab00000, 0x0000000781300000, 0x00000007c0000000)
  eden space 167936K, 100% used [0x000000076ab00000,0x0000000774f00000,0x0000000774f00000)
  from space 512K, 50% used [0x0000000781280000,0x00000007812c0000,0x0000000781300000)
  to   space 5120K, 0% used [0x0000000780900000,0x0000000780900000,0x0000000780e00000)
 ParOldGen       total 175104K, used 17201K [0x00000006c0000000, 0x00000006cab00000, 0x000000076ab00000)
  object space 175104K, 9% used [0x00000006c0000000,0x00000006c10cc4a0,0x00000006cab00000)
 Metaspace       used 20032K, capacity 20383K, committed 20608K, reserved 1067008K
  class space    used 1979K, capacity 2088K, committed 2176K, reserved 1048576K
Event: 31.329 GC heap after
Heap after GC invocations=37 (full 0):
 PSYoungGen      total 167424K, used 288K [0x000000076ab00000, 0x0000000781300000, 0x00000007c0000000)
  eden space 162304K, 0% used [0x000000076ab00000,0x000000076ab00000,0x0000000774980000)
  from space 5120K, 5% used [0x0000000780900000,0x0000000780948000,0x0000000780e00000)
  to   space 5120K, 0% used [0x0000000780e00000,0x0000000780e00000,0x0000000781300000)
 ParOldGen       total 175104K, used 17209K [0x00000006c0000000, 0x00000006cab00000, 0x000000076ab00000)
  object space 175104K, 9% used [0x00000006c0000000,0x00000006c10ce4a0,0x00000006cab00000)
 Metaspace       used 20032K, capacity 20383K, committed 20608K, reserved 1067008K
  class space    used 1979K, capacity 2088K, committed 2176K, reserved 1048576K
}
Event: 31.773 GC heap before
{Heap before GC invocations=38 (full 0):
 PSYoungGen      total 167424K, used 162592K [0x000000076ab00000, 0x0000000781300000, 0x00000007c0000000)
  eden space 162304K, 100% used [0x000000076ab00000,0x0000000774980000,0x0000000774980000)
  from space 5120K, 5% used [0x0000000780900000,0x0000000780948000,0x0000000780e00000)
  to   space 5120K, 0% used [0x0000000780e00000,0x0000000780e00000,0x0000000781300000)
 ParOldGen       total 175104K, used 17209K [0x00000006c0000000, 0x00000006cab00000, 0x000000076ab00000)
  object space 175104K, 9% used [0x00000006c0000000,0x00000006c10ce4a0,0x00000006cab00000)
 Metaspace       used 20032K, capacity 20383K, committed 20608K, reserved 1067008K
  class space    used 1979K, capacity 2088K, committed 2176K, reserved 1048576K
Event: 31.774 GC heap after
Heap after GC invocations=38 (full 0):
 PSYoungGen      total 157184K, used 256K [0x000000076ab00000, 0x0000000780e80000, 0x00000007c0000000)
  eden space 156672K, 0% used [0x000000076ab00000,0x000000076ab00000,0x0000000774400000)
  from space 512K, 50% used [0x0000000780e00000,0x0000000780e40000,0x0000000780e80000)
  to   space 4608K, 0% used [0x0000000780580000,0x0000000780580000,0x0000000780a00000)
 ParOldGen       total 175104K, used 17209K [0x00000006c0000000, 0x00000006cab00000, 0x000000076ab00000)
  object space 175104K, 9% used [0x00000006c0000000,0x00000006c10ce4a0,0x00000006cab00000)
 Metaspace       used 20032K, capacity 20383K, committed 20608K, reserved 1067008K
  class space    used 1979K, capacity 2088K, committed 2176K, reserved 1048576K
}
Event: 32.171 GC heap before
{Heap before GC invocations=39 (full 0):
 PSYoungGen      total 157184K, used 156928K [0x000000076ab00000, 0x0000000780e80000, 0x00000007c0000000)
  eden space 156672K, 100% used [0x000000076ab00000,0x0000000774400000,0x0000000774400000)
  from space 512K, 50% used [0x0000000780e00000,0x0000000780e40000,0x0000000780e80000)
  to   space 4608K, 0% used [0x0000000780580000,0x0000000780580000,0x0000000780a00000)
 ParOldGen       total 175104K, used 17209K [0x00000006c0000000, 0x00000006cab00000, 0x000000076ab00000)
  object space 175104K, 9% used [0x00000006c0000000,0x00000006c10ce4a0,0x00000006cab00000)
 Metaspace       used 20036K, capacity 20383K, committed 20608K, reserved 1067008K
  class space    used 1980K, capacity 2088K, committed 2176K, reserved 1048576K
Event: 32.172 GC heap after
Heap after GC invocations=39 (full 0):
 PSYoungGen      total 156160K, used 320K [0x000000076ab00000, 0x0000000780e80000, 0x00000007c0000000)
  eden space 151552K, 0% used [0x000000076ab00000,0x000000076ab00000,0x0000000773f00000)
  from space 4608K, 6% used [0x0000000780580000,0x00000007805d0000,0x0000000780a00000)
  to   space 4096K, 0% used [0x0000000780a80000,0x0000000780a80000,0x0000000780e80000)
 ParOldGen       total 175104K, used 17233K [0x00000006c0000000, 0x00000006cab00000, 0x000000076ab00000)
  object space 175104K, 9% used [0x00000006c0000000,0x00000006c10d44a0,0x00000006cab00000)
 Metaspace       used 20036K, capacity 20383K, committed 20608K, reserved 1067008K
  class space    used 1980K, capacity 2088K, committed 2176K, reserved 1048576K
}

