# JRE version: Java(TM) SE Runtime Environment (8.0_202-b08) (build 1.8.0_202-b08)
# Java VM: Java HotSpot(TM) 64-Bit Server VM (25.202-b08 mixed mode bsd-amd64 compressed oops)
Heap:
 PSYoungGen      total 35840K, used 30915K [0x000000076ab00000, 0x000000076f100000, 0x00000007c0000000)
  eden space 35328K, 86% used [0x000000076ab00000,0x000000076c900f78,0x000000076cd80000)
  from space 512K, 37% used [0x000000076f080000,0x000000076f0b0000,0x000000076f100000)
  to   space 512K, 0% used [0x000000076f000000,0x000000076f000000,0x000000076f080000)
 ParOldGen       total 105984K, used 17777K [0x00000006c0000000, 0x00000006c6780000, 0x000000076ab00000)
  object space 105984K, 16% used [0x00000006c0000000,0x00000006c115c620,0x00000006c6780000)
 Metaspace       used 21558K, capacity 21899K, committed 22272K, reserved 1069056K
  class space    used 2115K, capacity 2222K, committed 2304K, reserved 1048576K
GC Heap History (10 events):
Event: 5046.988 GC heap before
{Heap before GC invocations=2801 (full 1):
 PSYoungGen      total 35840K, used 35456K [0x000000076ab00000, 0x000000076f100000, 0x00000007c0000000)
  eden space 35328K, 100% used [0x000000076ab00000,0x000000076cd80000,0x000000076cd80000)
  from space 512K, 25% used [0x000000076f000000,0x000000076f020000,0x000000076f080000)
  to   space 512K, 0% used [0x000000076f080000,0x000000076f080000,0x000000076f100000)
 ParOldGen       total 105984K, used 17777K [0x00000006c0000000, 0x00000006c6780000, 0x000000076ab00000)
  object space 105984K, 16% used [0x00000006c0000000,0x00000006c115c620,0x00000006c6780000)
 Metaspace       used 21492K, capacity 21863K, committed 22272K, reserved 1069056K
  class space    used 2101K, capacity 2188K, committed 2304K, reserved 1048576K
Event: 5046.989 GC heap after
Heap after GC invocations=2801 (full 1):
 PSYoungGen      total 35840K, used 160K [0x000000076ab00000, 0x000000076f100000, 0x00000007c0000000)
  eden space 35328K, 0% used [0x000000076ab00000,0x000000076ab00000,0x000000076cd80000)
  from space 512K, 31% used [0x000000076f080000,0x000000076f0a8000,0x000000076f100000)
  to   space 512K, 0% used [0x000000076f000000,0x000000076f000000,0x000000076f080000)
 ParOldGen       total 105984K, used 17777K [0x00000006c0000000, 0x00000006c6780000, 0x000000076ab00000)
  object space 105984K, 16% used [0x00000006c0000000,0x00000006c115c620,0x00000006c6780000)
 Metaspace       used 21492K, capacity 21863K, committed 22272K, reserved 1069056K
  class space    used 2101K, capacity 2188K, committed 2304K, reserved 1048576K
}
Event: 5048.721 GC heap before
{Heap before GC invocations=2802 (full 1):
 PSYoungGen      total 35840K, used 35488K [0x000000076ab00000, 0x000000076f100000, 0x00000007c0000000)
  eden space 35328K, 100% used [0x000000076ab00000,0x000000076cd80000,0x000000076cd80000)
  from space 512K, 31% used [0x000000076f080000,0x000000076f0a8000,0x000000076f100000)
  to   space 512K, 0% used [0x000000076f000000,0x000000076f000000,0x000000076f080000)
 ParOldGen       total 105984K, used 17777K [0x00000006c0000000, 0x00000006c6780000, 0x000000076ab00000)
  object space 105984K, 16% used [0x00000006c0000000,0x00000006c115c620,0x00000006c6780000)
 Metaspace       used 21492K, capacity 21863K, committed 22272K, reserved 1069056K
  class space    used 2101K, capacity 2188K, committed 2304K, reserved 1048576K
Event: 5048.722 GC heap after
Heap after GC invocations=2802 (full 1):
 PSYoungGen      total 35840K, used 96K [0x000000076ab00000, 0x000000076f100000, 0x00000007c0000000)
  eden space 35328K, 0% used [0x000000076ab00000,0x000000076ab00000,0x000000076cd80000)
  from space 512K, 18% used [0x000000076f000000,0x000000076f018000,0x000000076f080000)
  to   space 512K, 0% used [0x000000076f080000,0x000000076f080000,0x000000076f100000)
 ParOldGen       total 105984K, used 17777K [0x00000006c0000000, 0x00000006c6780000, 0x000000076ab00000)
  object space 105984K, 16% used [0x00000006c0000000,0x00000006c115c620,0x00000006c6780000)
 Metaspace       used 21492K, capacity 21863K, committed 22272K, reserved 1069056K
  class space    used 2101K, capacity 2188K, committed 2304K, reserved 1048576K
}
Event: 5050.439 GC heap before
{Heap before GC invocations=2803 (full 1):
 PSYoungGen      total 35840K, used 35424K [0x000000076ab00000, 0x000000076f100000, 0x00000007c0000000)
  eden space 35328K, 100% used [0x000000076ab00000,0x000000076cd80000,0x000000076cd80000)
  from space 512K, 18% used [0x000000076f000000,0x000000076f018000,0x000000076f080000)
  to   space 512K, 0% used [0x000000076f080000,0x000000076f080000,0x000000076f100000)
 ParOldGen       total 105984K, used 17777K [0x00000006c0000000, 0x00000006c6780000, 0x000000076ab00000)
  object space 105984K, 16% used [0x00000006c0000000,0x00000006c115c620,0x00000006c6780000)
 Metaspace       used 21492K, capacity 21863K, committed 22272K, reserved 1069056K
  class space    used 2101K, capacity 2188K, committed 2304K, reserved 1048576K
Event: 5050.440 GC heap after
Heap after GC invocations=2803 (full 1):
 PSYoungGen      total 35840K, used 96K [0x000000076ab00000, 0x000000076f100000, 0x00000007c0000000)
  eden space 35328K, 0% used [0x000000076ab00000,0x000000076ab00000,0x000000076cd80000)
  from space 512K, 18% used [0x000000076f080000,0x000000076f098000,0x000000076f100000)
  to   space 512K, 0% used [0x000000076f000000,0x000000076f000000,0x000000076f080000)
 ParOldGen       total 105984K, used 17777K [0x00000006c0000000, 0x00000006c6780000, 0x000000076ab00000)
  object space 105984K, 16% used [0x00000006c0000000,0x00000006c115c620,0x00000006c6780000)
 Metaspace       used 21492K, capacity 21863K, committed 22272K, reserved 1069056K
  class space    used 2101K, capacity 2188K, committed 2304K, reserved 1048576K
}
Event: 5052.170 GC heap before
{Heap before GC invocations=2804 (full 1):
 PSYoungGen      total 35840K, used 35424K [0x000000076ab00000, 0x000000076f100000, 0x00000007c0000000)
  eden space 35328K, 100% used [0x000000076ab00000,0x000000076cd80000,0x000000076cd80000)
  from space 512K, 18% used [0x000000076f080000,0x000000076f098000,0x000000076f100000)
  to   space 512K, 0% used [0x000000076f000000,0x000000076f000000,0x000000076f080000)
 ParOldGen       total 105984K, used 17777K [0x00000006c0000000, 0x00000006c6780000, 0x000000076ab00000)
  object space 105984K, 16% used [0x00000006c0000000,0x00000006c115c620,0x00000006c6780000)
 Metaspace       used 21492K, capacity 21863K, committed 22272K, reserved 1069056K
  class space    used 2101K, capacity 2188K, committed 2304K, reserved 1048576K
Event: 5052.171 GC heap after
Heap after GC invocations=2804 (full 1):
 PSYoungGen      total 35840K, used 128K [0x000000076ab00000, 0x000000076f100000, 0x00000007c0000000)
  eden space 35328K, 0% used [0x000000076ab00000,0x000000076ab00000,0x000000076cd80000)
  from space 512K, 25% used [0x000000076f000000,0x000000076f020000,0x000000076f080000)
  to   space 512K, 0% used [0x000000076f080000,0x000000076f080000,0x000000076f100000)
 ParOldGen       total 105984K, used 17777K [0x00000006c0000000, 0x00000006c6780000, 0x000000076ab00000)
  object space 105984K, 16% used [0x00000006c0000000,0x00000006c115c620,0x00000006c6780000)
 Metaspace       used 21492K, capacity 21863K, committed 22272K, reserved 1069056K
  class space    used 2101K, capacity 2188K, committed 2304K, reserved 1048576K
}
Event: 5053.920 GC heap before
{Heap before GC invocations=2805 (full 1):
 PSYoungGen      total 35840K, used 35456K [0x000000076ab00000, 0x000000076f100000, 0x00000007c0000000)
  eden space 35328K, 100% used [0x000000076ab00000,0x000000076cd80000,0x000000076cd80000)
  from space 512K, 25% used [0x000000076f000000,0x000000076f020000,0x000000076f080000)
  to   space 512K, 0% used [0x000000076f080000,0x000000076f080000,0x000000076f100000)
 ParOldGen       total 105984K, used 17777K [0x00000006c0000000, 0x00000006c6780000, 0x000000076ab00000)
  object space 105984K, 16% used [0x00000006c0000000,0x00000006c115c620,0x00000006c6780000)
 Metaspace       used 21492K, capacity 21863K, committed 22272K, reserved 1069056K
  class space    used 2101K, capacity 2188K, committed 2304K, reserved 1048576K
Event: 5053.921 GC heap after
Heap after GC invocations=2805 (full 1):
 PSYoungGen      total 35840K, used 192K [0x000000076ab00000, 0x000000076f100000, 0x00000007c0000000)
  eden space 35328K, 0% used [0x000000076ab00000,0x000000076ab00000,0x000000076cd80000)
  from space 512K, 37% used [0x000000076f080000,0x000000076f0b0000,0x000000076f100000)
  to   space 512K, 0% used [0x000000076f000000,0x000000076f000000,0x000000076f080000)
 ParOldGen       total 105984K, used 17777K [0x00000006c0000000, 0x00000006c6780000, 0x000000076ab00000)
  object space 105984K, 16% used [0x00000006c0000000,0x00000006c115c620,0x00000006c6780000)
 Metaspace       used 21492K, capacity 21863K, committed 22272K, reserved 1069056K
  class space    used 2101K, capacity 2188K, committed 2304K, reserved 1048576K
}

