# JRE version: Java(TM) SE Runtime Environment (8.0_202-b08) (build 1.8.0_202-b08)
# Java VM: Java HotSpot(TM) 64-Bit Server VM (25.202-b08 mixed mode bsd-amd64 compressed oops)
Heap:
 PSYoungGen      total 83456K, used 47331K [0x000000076ab00000, 0x0000000772480000, 0x00000007c0000000)
  eden space 82944K, 56% used [0x000000076ab00000,0x000000076d8f0c88,0x000000076fc00000)
  from space 512K, 56% used [0x0000000772400000,0x0000000772448000,0x0000000772480000)
  to   space 18944K, 0% used [0x000000076ff80000,0x000000076ff80000,0x0000000771200000)
 ParOldGen       total 122880K, used 15275K [0x00000006c0000000, 0x00000006c7800000, 0x000000076ab00000)
  object space 122880K, 12% used [0x00000006c0000000,0x00000006c0eeace0,0x00000006c7800000)
 Metaspace       used 21227K, capacity 21579K, committed 22016K, reserved 1069056K
  class space    used 2113K, capacity 2222K, committed 2304K, reserved 1048576K
GC Heap History (10 events):
Event: 3.988 GC heap before
{Heap before GC invocations=3 (full 1):
 PSYoungGen      total 76288K, used 10746K [0x000000076ab00000, 0x0000000770000000, 0x00000007c0000000)
  eden space 65536K, 0% used [0x000000076ab00000,0x000000076ab00000,0x000000076eb00000)
  from space 10752K, 99% used [0x000000076f580000,0x000000076fffe840,0x0000000770000000)
  to   space 10752K, 0% used [0x000000076eb00000,0x000000076eb00000,0x000000076f580000)
 ParOldGen       total 175104K, used 7408K [0x00000006c0000000, 0x00000006cab00000, 0x000000076ab00000)
  object space 175104K, 4% used [0x00000006c0000000,0x00000006c073c0c8,0x00000006cab00000)
 Metaspace       used 20579K, capacity 20921K, committed 21248K, reserved 1069056K
  class space    used 2104K, capacity 2195K, committed 2304K, reserved 1048576K
Event: 4.031 GC heap after
Heap after GC invocations=3 (full 1):
 PSYoungGen      total 76288K, used 0K [0x000000076ab00000, 0x0000000770000000, 0x00000007c0000000)
  eden space 65536K, 0% used [0x000000076ab00000,0x000000076ab00000,0x000000076eb00000)
  from space 10752K, 0% used [0x000000076f580000,0x000000076f580000,0x0000000770000000)
  to   space 10752K, 0% used [0x000000076eb00000,0x000000076eb00000,0x000000076f580000)
 ParOldGen       total 122880K, used 15251K [0x00000006c0000000, 0x00000006c7800000, 0x000000076ab00000)
  object space 122880K, 12% used [0x00000006c0000000,0x00000006c0ee4ce0,0x00000006c7800000)
 Metaspace       used 20567K, capacity 20897K, committed 21248K, reserved 1069056K
  class space    used 2100K, capacity 2187K, committed 2304K, reserved 1048576K
}
Event: 18.808 GC heap before
{Heap before GC invocations=4 (full 1):
 PSYoungGen      total 76288K, used 65536K [0x000000076ab00000, 0x0000000770000000, 0x00000007c0000000)
  eden space 65536K, 100% used [0x000000076ab00000,0x000000076eb00000,0x000000076eb00000)
  from space 10752K, 0% used [0x000000076f580000,0x000000076f580000,0x0000000770000000)
  to   space 10752K, 0% used [0x000000076eb00000,0x000000076eb00000,0x000000076f580000)
 ParOldGen       total 122880K, used 15251K [0x00000006c0000000, 0x00000006c7800000, 0x000000076ab00000)
  object space 122880K, 12% used [0x00000006c0000000,0x00000006c0ee4ce0,0x00000006c7800000)
 Metaspace       used 21161K, capacity 21479K, committed 22016K, reserved 1069056K
  class space    used 2100K, capacity 2188K, committed 2304K, reserved 1048576K
Event: 18.810 GC heap after
Heap after GC invocations=4 (full 1):
 PSYoungGen      total 76288K, used 256K [0x000000076ab00000, 0x0000000771680000, 0x00000007c0000000)
  eden space 65536K, 0% used [0x000000076ab00000,0x000000076ab00000,0x000000076eb00000)
  from space 10752K, 2% used [0x000000076eb00000,0x000000076eb40000,0x000000076f580000)
  to   space 10752K, 0% used [0x0000000770c00000,0x0000000770c00000,0x0000000771680000)
 ParOldGen       total 122880K, used 15259K [0x00000006c0000000, 0x00000006c7800000, 0x000000076ab00000)
  object space 122880K, 12% used [0x00000006c0000000,0x00000006c0ee6ce0,0x00000006c7800000)
 Metaspace       used 21161K, capacity 21479K, committed 22016K, reserved 1069056K
  class space    used 2100K, capacity 2188K, committed 2304K, reserved 1048576K
}
Event: 35.174 GC heap before
{Heap before GC invocations=5 (full 1):
 PSYoungGen      total 76288K, used 65792K [0x000000076ab00000, 0x0000000771680000, 0x00000007c0000000)
  eden space 65536K, 100% used [0x000000076ab00000,0x000000076eb00000,0x000000076eb00000)
  from space 10752K, 2% used [0x000000076eb00000,0x000000076eb40000,0x000000076f580000)
  to   space 10752K, 0% used [0x0000000770c00000,0x0000000770c00000,0x0000000771680000)
 ParOldGen       total 122880K, used 15259K [0x00000006c0000000, 0x00000006c7800000, 0x000000076ab00000)
  object space 122880K, 12% used [0x00000006c0000000,0x00000006c0ee6ce0,0x00000006c7800000)
 Metaspace       used 21162K, capacity 21479K, committed 22016K, reserved 1069056K
  class space    used 2100K, capacity 2188K, committed 2304K, reserved 1048576K
Event: 35.176 GC heap after
Heap after GC invocations=5 (full 1):
 PSYoungGen      total 91136K, used 256K [0x000000076ab00000, 0x0000000771280000, 0x00000007c0000000)
  eden space 84480K, 0% used [0x000000076ab00000,0x000000076ab00000,0x000000076fd80000)
  from space 6656K, 3% used [0x0000000770c00000,0x0000000770c40000,0x0000000771280000)
  to   space 10752K, 0% used [0x000000076fd80000,0x000000076fd80000,0x0000000770800000)
 ParOldGen       total 122880K, used 15267K [0x00000006c0000000, 0x00000006c7800000, 0x000000076ab00000)
  object space 122880K, 12% used [0x00000006c0000000,0x00000006c0ee8ce0,0x00000006c7800000)
 Metaspace       used 21162K, capacity 21479K, committed 22016K, reserved 1069056K
  class space    used 2100K, capacity 2188K, committed 2304K, reserved 1048576K
}
Event: 56.443 GC heap before
{Heap before GC invocations=6 (full 1):
 PSYoungGen      total 91136K, used 84736K [0x000000076ab00000, 0x0000000771280000, 0x00000007c0000000)
  eden space 84480K, 100% used [0x000000076ab00000,0x000000076fd80000,0x000000076fd80000)
  from space 6656K, 3% used [0x0000000770c00000,0x0000000770c40000,0x0000000771280000)
  to   space 10752K, 0% used [0x000000076fd80000,0x000000076fd80000,0x0000000770800000)
 ParOldGen       total 122880K, used 15267K [0x00000006c0000000, 0x00000006c7800000, 0x000000076ab00000)
  object space 122880K, 12% used [0x00000006c0000000,0x00000006c0ee8ce0,0x00000006c7800000)
 Metaspace       used 21162K, capacity 21479K, committed 22016K, reserved 1069056K
  class space    used 2100K, capacity 2188K, committed 2304K, reserved 1048576K
Event: 56.445 GC heap after
Heap after GC invocations=6 (full 1):
 PSYoungGen      total 95232K, used 192K [0x000000076ab00000, 0x0000000773780000, 0x00000007c0000000)
  eden space 84480K, 0% used [0x000000076ab00000,0x000000076ab00000,0x000000076fd80000)
  from space 10752K, 1% used [0x000000076fd80000,0x000000076fdb0000,0x0000000770800000)
  to   space 19968K, 0% used [0x0000000772400000,0x0000000772400000,0x0000000773780000)
 ParOldGen       total 122880K, used 15275K [0x00000006c0000000, 0x00000006c7800000, 0x000000076ab00000)
  object space 122880K, 12% used [0x00000006c0000000,0x00000006c0eeace0,0x00000006c7800000)
 Metaspace       used 21162K, capacity 21479K, committed 22016K, reserved 1069056K
  class space    used 2100K, capacity 2188K, committed 2304K, reserved 1048576K
}
Event: 77.791 GC heap before
{Heap before GC invocations=7 (full 1):
 PSYoungGen      total 95232K, used 84672K [0x000000076ab00000, 0x0000000773780000, 0x00000007c0000000)
  eden space 84480K, 100% used [0x000000076ab00000,0x000000076fd80000,0x000000076fd80000)
  from space 10752K, 1% used [0x000000076fd80000,0x000000076fdb0000,0x0000000770800000)
  to   space 19968K, 0% used [0x0000000772400000,0x0000000772400000,0x0000000773780000)
 ParOldGen       total 122880K, used 15275K [0x00000006c0000000, 0x00000006c7800000, 0x000000076ab00000)
  object space 122880K, 12% used [0x00000006c0000000,0x00000006c0eeace0,0x00000006c7800000)
 Metaspace       used 21162K, capacity 21479K, committed 22016K, reserved 1069056K
  class space    used 2100K, capacity 2188K, committed 2304K, reserved 1048576K
Event: 77.793 GC heap after
Heap after GC invocations=7 (full 1):
 PSYoungGen      total 83456K, used 288K [0x000000076ab00000, 0x0000000772480000, 0x00000007c0000000)
  eden space 82944K, 0% used [0x000000076ab00000,0x000000076ab00000,0x000000076fc00000)
  from space 512K, 56% used [0x0000000772400000,0x0000000772448000,0x0000000772480000)
  to   space 18944K, 0% used [0x000000076ff80000,0x000000076ff80000,0x0000000771200000)
 ParOldGen       total 122880K, used 15275K [0x00000006c0000000, 0x00000006c7800000, 0x000000076ab00000)
  object space 122880K, 12% used [0x00000006c0000000,0x00000006c0eeace0,0x00000006c7800000)
 Metaspace       used 21162K, capacity 21479K, committed 22016K, reserved 1069056K
  class space    used 2100K, capacity 2188K, committed 2304K, reserved 1048576K
}

