# JRE version: Java(TM) SE Runtime Environment (8.0_202-b08) (build 1.8.0_202-b08)
# Java VM: Java HotSpot(TM) 64-Bit Server VM (25.202-b08 mixed mode bsd-amd64 compressed oops)
Heap:
 PSYoungGen      total 76288K, used 25523K [0x000000076ab00000, 0x0000000770000000, 0x00000007c0000000)
  eden space 65536K, 22% used [0x000000076ab00000,0x000000076b987838,0x000000076eb00000)
  from space 10752K, 99% used [0x000000076eb00000,0x000000076f565630,0x000000076f580000)
  to   space 10752K, 0% used [0x000000076f580000,0x000000076f580000,0x0000000770000000)
 ParOldGen       total 75264K, used 16089K [0x00000006c0000000, 0x00000006c4980000, 0x000000076ab00000)
  object space 75264K, 21% used [0x00000006c0000000,0x00000006c0fb65c8,0x00000006c4980000)
 Metaspace       used 24385K, capacity 24747K, committed 25136K, reserved 1071104K
  class space    used 2430K, capacity 2554K, committed 2608K, reserved 1048576K
GC Heap History (8 events):
Event: 5.283 GC heap before
{Heap before GC invocations=1 (full 0):
 PSYoungGen      total 76288K, used 59205K [0x000000076ab00000, 0x0000000770000000, 0x00000007c0000000)
  eden space 65536K, 90% used [0x000000076ab00000,0x000000076e4d1520,0x000000076eb00000)
  from space 10752K, 0% used [0x000000076f580000,0x000000076f580000,0x0000000770000000)
  to   space 10752K, 0% used [0x000000076eb00000,0x000000076eb00000,0x000000076f580000)
 ParOldGen       total 175104K, used 0K [0x00000006c0000000, 0x00000006cab00000, 0x000000076ab00000)
  object space 175104K, 0% used [0x00000006c0000000,0x00000006c0000000,0x00000006cab00000)
 Metaspace       used 20807K, capacity 21227K, committed 21296K, reserved 1069056K
  class space    used 2172K, capacity 2324K, committed 2352K, reserved 1048576K
Event: 5.295 GC heap after
Heap after GC invocations=1 (full 0):
 PSYoungGen      total 76288K, used 9950K [0x000000076ab00000, 0x0000000770000000, 0x00000007c0000000)
  eden space 65536K, 0% used [0x000000076ab00000,0x000000076ab00000,0x000000076eb00000)
  from space 10752K, 92% used [0x000000076eb00000,0x000000076f4b78b8,0x000000076f580000)
  to   space 10752K, 0% used [0x000000076f580000,0x000000076f580000,0x0000000770000000)
 ParOldGen       total 175104K, used 24K [0x00000006c0000000, 0x00000006cab00000, 0x000000076ab00000)
  object space 175104K, 0% used [0x00000006c0000000,0x00000006c0006000,0x00000006cab00000)
 Metaspace       used 20807K, capacity 21227K, committed 21296K, reserved 1069056K
  class space    used 2172K, capacity 2324K, committed 2352K, reserved 1048576K
}
Event: 5.295 GC heap before
{Heap before GC invocations=2 (full 1):
 PSYoungGen      total 76288K, used 9950K [0x000000076ab00000, 0x0000000770000000, 0x00000007c0000000)
  eden space 65536K, 0% used [0x000000076ab00000,0x000000076ab00000,0x000000076eb00000)
  from space 10752K, 92% used [0x000000076eb00000,0x000000076f4b78b8,0x000000076f580000)
  to   space 10752K, 0% used [0x000000076f580000,0x000000076f580000,0x0000000770000000)
 ParOldGen       total 175104K, used 24K [0x00000006c0000000, 0x00000006cab00000, 0x000000076ab00000)
  object space 175104K, 0% used [0x00000006c0000000,0x00000006c0006000,0x00000006cab00000)
 Metaspace       used 20807K, capacity 21227K, committed 21296K, reserved 1069056K
  class space    used 2172K, capacity 2324K, committed 2352K, reserved 1048576K
Event: 5.328 GC heap after
Heap after GC invocations=2 (full 1):
 PSYoungGen      total 76288K, used 0K [0x000000076ab00000, 0x0000000770000000, 0x00000007c0000000)
  eden space 65536K, 0% used [0x000000076ab00000,0x000000076ab00000,0x000000076eb00000)
  from space 10752K, 0% used [0x000000076eb00000,0x000000076eb00000,0x000000076f580000)
  to   space 10752K, 0% used [0x000000076f580000,0x000000076f580000,0x0000000770000000)
 ParOldGen       total 75264K, used 9523K [0x00000006c0000000, 0x00000006c4980000, 0x000000076ab00000)
  object space 75264K, 12% used [0x00000006c0000000,0x00000006c094cd58,0x00000006c4980000)
 Metaspace       used 20807K, capacity 21227K, committed 21296K, reserved 1069056K
  class space    used 2172K, capacity 2324K, committed 2352K, reserved 1048576K
}
Event: 9.273 GC heap before
{Heap before GC invocations=3 (full 1):
 PSYoungGen      total 76288K, used 65536K [0x000000076ab00000, 0x0000000770000000, 0x00000007c0000000)
  eden space 65536K, 100% used [0x000000076ab00000,0x000000076eb00000,0x000000076eb00000)
  from space 10752K, 0% used [0x000000076eb00000,0x000000076eb00000,0x000000076f580000)
  to   space 10752K, 0% used [0x000000076f580000,0x000000076f580000,0x0000000770000000)
 ParOldGen       total 75264K, used 9523K [0x00000006c0000000, 0x00000006c4980000, 0x000000076ab00000)
  object space 75264K, 12% used [0x00000006c0000000,0x00000006c094cd58,0x00000006c4980000)
 Metaspace       used 24044K, capacity 24423K, committed 24624K, reserved 1071104K
  class space    used 2419K, capacity 2552K, committed 2608K, reserved 1048576K
Event: 9.280 GC heap after
Heap after GC invocations=3 (full 1):
 PSYoungGen      total 76288K, used 10725K [0x000000076ab00000, 0x0000000770000000, 0x00000007c0000000)
  eden space 65536K, 0% used [0x000000076ab00000,0x000000076ab00000,0x000000076eb00000)
  from space 10752K, 99% used [0x000000076f580000,0x000000076fff9650,0x0000000770000000)
  to   space 10752K, 0% used [0x000000076eb00000,0x000000076eb00000,0x000000076f580000)
 ParOldGen       total 75264K, used 15825K [0x00000006c0000000, 0x00000006c4980000, 0x000000076ab00000)
  object space 75264K, 21% used [0x00000006c0000000,0x00000006c0f745b8,0x00000006c4980000)
 Metaspace       used 24044K, capacity 24423K, committed 24624K, reserved 1071104K
  class space    used 2419K, capacity 2552K, committed 2608K, reserved 1048576K
}
Event: 21.221 GC heap before
{Heap before GC invocations=4 (full 1):
 PSYoungGen      total 76288K, used 76261K [0x000000076ab00000, 0x0000000770000000, 0x00000007c0000000)
  eden space 65536K, 100% used [0x000000076ab00000,0x000000076eb00000,0x000000076eb00000)
  from space 10752K, 99% used [0x000000076f580000,0x000000076fff9650,0x0000000770000000)
  to   space 10752K, 0% used [0x000000076eb00000,0x000000076eb00000,0x000000076f580000)
 ParOldGen       total 75264K, used 15825K [0x00000006c0000000, 0x00000006c4980000, 0x000000076ab00000)
  object space 75264K, 21% used [0x00000006c0000000,0x00000006c0f745b8,0x00000006c4980000)
 Metaspace       used 24330K, capacity 24743K, committed 24880K, reserved 1071104K
  class space    used 2419K, capacity 2552K, committed 2608K, reserved 1048576K
Event: 21.227 GC heap after
Heap after GC invocations=4 (full 1):
 PSYoungGen      total 76288K, used 10645K [0x000000076ab00000, 0x0000000770000000, 0x00000007c0000000)
  eden space 65536K, 0% used [0x000000076ab00000,0x000000076ab00000,0x000000076eb00000)
  from space 10752K, 99% used [0x000000076eb00000,0x000000076f565630,0x000000076f580000)
  to   space 10752K, 0% used [0x000000076f580000,0x000000076f580000,0x0000000770000000)
 ParOldGen       total 75264K, used 16089K [0x00000006c0000000, 0x00000006c4980000, 0x000000076ab00000)
  object space 75264K, 21% used [0x00000006c0000000,0x00000006c0fb65c8,0x00000006c4980000)
 Metaspace       used 24330K, capacity 24743K, committed 24880K, reserved 1071104K
  class space    used 2419K, capacity 2552K, committed 2608K, reserved 1048576K
}

