# JRE version: Java(TM) SE Runtime Environment (8.0_202-b08) (build 1.8.0_202-b08)
# Java VM: Java HotSpot(TM) 64-Bit Server VM (25.202-b08 mixed mode bsd-amd64 compressed oops)
Heap:
 PSYoungGen      total 235008K, used 180888K [0x000000076ab00000, 0x0000000797100000, 0x00000007c0000000)
  eden space 225792K, 79% used [0x000000076ab00000,0x0000000775b66048,0x0000000778780000)
  from space 9216K, 2% used [0x0000000795f00000,0x0000000795f40000,0x0000000796800000)
  to   space 8704K, 0% used [0x0000000796880000,0x0000000796880000,0x0000000797100000)
 ParOldGen       total 175104K, used 17436K [0x00000006c0000000, 0x00000006cab00000, 0x000000076ab00000)
  object space 175104K, 9% used [0x00000006c0000000,0x00000006c1107330,0x00000006cab00000)
 Metaspace       used 20004K, capacity 20315K, committed 20608K, reserved 1067008K
  class space    used 1979K, capacity 2088K, committed 2176K, reserved 1048576K
GC Heap History (10 events):
Event: 24.336 GC heap before
{Heap before GC invocations=25 (full 0):
 PSYoungGen      total 274944K, used 274624K [0x000000076ab00000, 0x0000000798400000, 0x00000007c0000000)
  eden space 274432K, 100% used [0x000000076ab00000,0x000000077b700000,0x000000077b700000)
  from space 512K, 37% used [0x0000000798380000,0x00000007983b0000,0x0000000798400000)
  to   space 11776K, 0% used [0x0000000796d00000,0x0000000796d00000,0x0000000797880000)
 ParOldGen       total 175104K, used 17380K [0x00000006c0000000, 0x00000006cab00000, 0x000000076ab00000)
  object space 175104K, 9% used [0x00000006c0000000,0x00000006c10f9330,0x00000006cab00000)
 Metaspace       used 19947K, capacity 20311K, committed 20608K, reserved 1067008K
  class space    used 1968K, capacity 2086K, committed 2176K, reserved 1048576K
Event: 24.337 GC heap after
Heap after GC invocations=25 (full 0):
 PSYoungGen      total 275456K, used 288K [0x000000076ab00000, 0x0000000798400000, 0x00000007c0000000)
  eden space 263680K, 0% used [0x000000076ab00000,0x000000076ab00000,0x000000077ac80000)
  from space 11776K, 2% used [0x0000000796d00000,0x0000000796d48000,0x0000000797880000)
  to   space 10752K, 0% used [0x0000000797980000,0x0000000797980000,0x0000000798400000)
 ParOldGen       total 175104K, used 17396K [0x00000006c0000000, 0x00000006cab00000, 0x000000076ab00000)
  object space 175104K, 9% used [0x00000006c0000000,0x00000006c10fd330,0x00000006cab00000)
 Metaspace       used 19947K, capacity 20311K, committed 20608K, reserved 1067008K
  class space    used 1968K, capacity 2086K, committed 2176K, reserved 1048576K
}
Event: 25.072 GC heap before
{Heap before GC invocations=26 (full 0):
 PSYoungGen      total 275456K, used 263968K [0x000000076ab00000, 0x0000000798400000, 0x00000007c0000000)
  eden space 263680K, 100% used [0x000000076ab00000,0x000000077ac80000,0x000000077ac80000)
  from space 11776K, 2% used [0x0000000796d00000,0x0000000796d48000,0x0000000797880000)
  to   space 10752K, 0% used [0x0000000797980000,0x0000000797980000,0x0000000798400000)
 ParOldGen       total 175104K, used 17396K [0x00000006c0000000, 0x00000006cab00000, 0x000000076ab00000)
  object space 175104K, 9% used [0x00000006c0000000,0x00000006c10fd330,0x00000006cab00000)
 Metaspace       used 19947K, capacity 20311K, committed 20608K, reserved 1067008K
  class space    used 1968K, capacity 2086K, committed 2176K, reserved 1048576K
Event: 25.073 GC heap after
Heap after GC invocations=26 (full 0):
 PSYoungGen      total 253952K, used 224K [0x000000076ab00000, 0x0000000797a00000, 0x00000007c0000000)
  eden space 253440K, 0% used [0x000000076ab00000,0x000000076ab00000,0x000000077a280000)
  from space 512K, 43% used [0x0000000797980000,0x00000007979b8000,0x0000000797a00000)
  to   space 10240K, 0% used [0x0000000796600000,0x0000000796600000,0x0000000797000000)
 ParOldGen       total 175104K, used 17420K [0x00000006c0000000, 0x00000006cab00000, 0x000000076ab00000)
  object space 175104K, 9% used [0x00000006c0000000,0x00000006c1103330,0x00000006cab00000)
 Metaspace       used 19947K, capacity 20311K, committed 20608K, reserved 1067008K
  class space    used 1968K, capacity 2086K, committed 2176K, reserved 1048576K
}
Event: 25.779 GC heap before
{Heap before GC invocations=27 (full 0):
 PSYoungGen      total 253952K, used 253664K [0x000000076ab00000, 0x0000000797a00000, 0x00000007c0000000)
  eden space 253440K, 100% used [0x000000076ab00000,0x000000077a280000,0x000000077a280000)
  from space 512K, 43% used [0x0000000797980000,0x00000007979b8000,0x0000000797a00000)
  to   space 10240K, 0% used [0x0000000796600000,0x0000000796600000,0x0000000797000000)
 ParOldGen       total 175104K, used 17420K [0x00000006c0000000, 0x00000006cab00000, 0x000000076ab00000)
  object space 175104K, 9% used [0x00000006c0000000,0x00000006c1103330,0x00000006cab00000)
 Metaspace       used 19947K, capacity 20311K, committed 20608K, reserved 1067008K
  class space    used 1968K, capacity 2086K, committed 2176K, reserved 1048576K
Event: 25.780 GC heap after
Heap after GC invocations=27 (full 0):
 PSYoungGen      total 253952K, used 288K [0x000000076ab00000, 0x0000000797a00000, 0x00000007c0000000)
  eden space 243712K, 0% used [0x000000076ab00000,0x000000076ab00000,0x0000000779900000)
  from space 10240K, 2% used [0x0000000796600000,0x0000000796648000,0x0000000797000000)
  to   space 9728K, 0% used [0x0000000797080000,0x0000000797080000,0x0000000797a00000)
 ParOldGen       total 175104K, used 17420K [0x00000006c0000000, 0x00000006cab00000, 0x000000076ab00000)
  object space 175104K, 9% used [0x00000006c0000000,0x00000006c1103330,0x00000006cab00000)
 Metaspace       used 19947K, capacity 20311K, committed 20608K, reserved 1067008K
  class space    used 1968K, capacity 2086K, committed 2176K, reserved 1048576K
}
Event: 26.472 GC heap before
{Heap before GC invocations=28 (full 0):
 PSYoungGen      total 253952K, used 244000K [0x000000076ab00000, 0x0000000797a00000, 0x00000007c0000000)
  eden space 243712K, 100% used [0x000000076ab00000,0x0000000779900000,0x0000000779900000)
  from space 10240K, 2% used [0x0000000796600000,0x0000000796648000,0x0000000797000000)
  to   space 9728K, 0% used [0x0000000797080000,0x0000000797080000,0x0000000797a00000)
 ParOldGen       total 175104K, used 17420K [0x00000006c0000000, 0x00000006cab00000, 0x000000076ab00000)
  object space 175104K, 9% used [0x00000006c0000000,0x00000006c1103330,0x00000006cab00000)
 Metaspace       used 19947K, capacity 20311K, committed 20608K, reserved 1067008K
  class space    used 1968K, capacity 2086K, committed 2176K, reserved 1048576K
Event: 26.473 GC heap after
Heap after GC invocations=28 (full 0):
 PSYoungGen      total 235008K, used 288K [0x000000076ab00000, 0x0000000797100000, 0x00000007c0000000)
  eden space 234496K, 0% used [0x000000076ab00000,0x000000076ab00000,0x0000000779000000)
  from space 512K, 56% used [0x0000000797080000,0x00000007970c8000,0x0000000797100000)
  to   space 9216K, 0% used [0x0000000795f00000,0x0000000795f00000,0x0000000796800000)
 ParOldGen       total 175104K, used 17436K [0x00000006c0000000, 0x00000006cab00000, 0x000000076ab00000)
  object space 175104K, 9% used [0x00000006c0000000,0x00000006c1107330,0x00000006cab00000)
 Metaspace       used 19947K, capacity 20311K, committed 20608K, reserved 1067008K
  class space    used 1968K, capacity 2086K, committed 2176K, reserved 1048576K
}
Event: 27.136 GC heap before
{Heap before GC invocations=29 (full 0):
 PSYoungGen      total 235008K, used 234783K [0x000000076ab00000, 0x0000000797100000, 0x00000007c0000000)
  eden space 234496K, 99% used [0x000000076ab00000,0x0000000778ffffe8,0x0000000779000000)
  from space 512K, 56% used [0x0000000797080000,0x00000007970c8000,0x0000000797100000)
  to   space 9216K, 0% used [0x0000000795f00000,0x0000000795f00000,0x0000000796800000)
 ParOldGen       total 175104K, used 17436K [0x00000006c0000000, 0x00000006cab00000, 0x000000076ab00000)
  object space 175104K, 9% used [0x00000006c0000000,0x00000006c1107330,0x00000006cab00000)
 Metaspace       used 19948K, capacity 20311K, committed 20608K, reserved 1067008K
  class space    used 1968K, capacity 2086K, committed 2176K, reserved 1048576K
Event: 27.137 GC heap after
Heap after GC invocations=29 (full 0):
 PSYoungGen      total 235008K, used 256K [0x000000076ab00000, 0x0000000797100000, 0x00000007c0000000)
  eden space 225792K, 0% used [0x000000076ab00000,0x000000076ab00000,0x0000000778780000)
  from space 9216K, 2% used [0x0000000795f00000,0x0000000795f40000,0x0000000796800000)
  to   space 8704K, 0% used [0x0000000796880000,0x0000000796880000,0x0000000797100000)
 ParOldGen       total 175104K, used 17436K [0x00000006c0000000, 0x00000006cab00000, 0x000000076ab00000)
  object space 175104K, 9% used [0x00000006c0000000,0x00000006c1107330,0x00000006cab00000)
 Metaspace       used 19948K, capacity 20311K, committed 20608K, reserved 1067008K
  class space    used 1968K, capacity 2086K, committed 2176K, reserved 1048576K
}

