# JRE version: Java(TM) SE Runtime Environment (8.0_202-b08) (build 1.8.0_202-b08)
# Java VM: Java HotSpot(TM) 64-Bit Server VM (25.202-b08 mixed mode bsd-amd64 compressed oops)
Heap:
 PSYoungGen      total 76288K, used 59109K [0x000000076ab00000, 0x0000000770000000, 0x00000007c0000000)
  eden space 65536K, 73% used [0x000000076ab00000,0x000000076da398a8,0x000000076eb00000)
  from space 10752K, 99% used [0x000000076eb00000,0x000000076f57fc00,0x000000076f580000)
  to   space 10752K, 0% used [0x000000076f580000,0x000000076f580000,0x0000000770000000)
 ParOldGen       total 75264K, used 16024K [0x00000006c0000000, 0x00000006c4980000, 0x000000076ab00000)
  object space 75264K, 21% used [0x00000006c0000000,0x00000006c0fa60b8,0x00000006c4980000)
 Metaspace       used 24427K, capacity 24813K, committed 25136K, reserved 1071104K
  class space    used 2437K, capacity 2555K, committed 2608K, reserved 1048576K
GC Heap History (8 events):
Event: 4.166 GC heap before
{Heap before GC invocations=1 (full 0):
 PSYoungGen      total 76288K, used 59370K [0x000000076ab00000, 0x0000000770000000, 0x00000007c0000000)
  eden space 65536K, 90% used [0x000000076ab00000,0x000000076e4fabd0,0x000000076eb00000)
  from space 10752K, 0% used [0x000000076f580000,0x000000076f580000,0x0000000770000000)
  to   space 10752K, 0% used [0x000000076eb00000,0x000000076eb00000,0x000000076f580000)
 ParOldGen       total 175104K, used 0K [0x00000006c0000000, 0x00000006cab00000, 0x000000076ab00000)
  object space 175104K, 0% used [0x00000006c0000000,0x00000006c0000000,0x00000006cab00000)
 Metaspace       used 20809K, capacity 21233K, committed 21296K, reserved 1069056K
  class space    used 2173K, capacity 2325K, committed 2352K, reserved 1048576K
Event: 4.174 GC heap after
Heap after GC invocations=1 (full 0):
 PSYoungGen      total 76288K, used 9891K [0x000000076ab00000, 0x0000000770000000, 0x00000007c0000000)
  eden space 65536K, 0% used [0x000000076ab00000,0x000000076ab00000,0x000000076eb00000)
  from space 10752K, 91% used [0x000000076eb00000,0x000000076f4a8dc8,0x000000076f580000)
  to   space 10752K, 0% used [0x000000076f580000,0x000000076f580000,0x0000000770000000)
 ParOldGen       total 175104K, used 24K [0x00000006c0000000, 0x00000006cab00000, 0x000000076ab00000)
  object space 175104K, 0% used [0x00000006c0000000,0x00000006c0006000,0x00000006cab00000)
 Metaspace       used 20809K, capacity 21233K, committed 21296K, reserved 1069056K
  class space    used 2173K, capacity 2325K, committed 2352K, reserved 1048576K
}
Event: 4.174 GC heap before
{Heap before GC invocations=2 (full 1):
 PSYoungGen      total 76288K, used 9891K [0x000000076ab00000, 0x0000000770000000, 0x00000007c0000000)
  eden space 65536K, 0% used [0x000000076ab00000,0x000000076ab00000,0x000000076eb00000)
  from space 10752K, 91% used [0x000000076eb00000,0x000000076f4a8dc8,0x000000076f580000)
  to   space 10752K, 0% used [0x000000076f580000,0x000000076f580000,0x0000000770000000)
 ParOldGen       total 175104K, used 24K [0x00000006c0000000, 0x00000006cab00000, 0x000000076ab00000)
  object space 175104K, 0% used [0x00000006c0000000,0x00000006c0006000,0x00000006cab00000)
 Metaspace       used 20809K, capacity 21233K, committed 21296K, reserved 1069056K
  class space    used 2173K, capacity 2325K, committed 2352K, reserved 1048576K
Event: 4.202 GC heap after
Heap after GC invocations=2 (full 1):
 PSYoungGen      total 76288K, used 0K [0x000000076ab00000, 0x0000000770000000, 0x00000007c0000000)
  eden space 65536K, 0% used [0x000000076ab00000,0x000000076ab00000,0x000000076eb00000)
  from space 10752K, 0% used [0x000000076eb00000,0x000000076eb00000,0x000000076f580000)
  to   space 10752K, 0% used [0x000000076f580000,0x000000076f580000,0x0000000770000000)
 ParOldGen       total 75264K, used 9596K [0x00000006c0000000, 0x00000006c4980000, 0x000000076ab00000)
  object space 75264K, 12% used [0x00000006c0000000,0x00000006c095f170,0x00000006c4980000)
 Metaspace       used 20809K, capacity 21233K, committed 21296K, reserved 1069056K
  class space    used 2173K, capacity 2325K, committed 2352K, reserved 1048576K
}
Event: 7.432 GC heap before
{Heap before GC invocations=3 (full 1):
 PSYoungGen      total 76288K, used 65536K [0x000000076ab00000, 0x0000000770000000, 0x00000007c0000000)
  eden space 65536K, 100% used [0x000000076ab00000,0x000000076eb00000,0x000000076eb00000)
  from space 10752K, 0% used [0x000000076eb00000,0x000000076eb00000,0x000000076f580000)
  to   space 10752K, 0% used [0x000000076f580000,0x000000076f580000,0x0000000770000000)
 ParOldGen       total 75264K, used 9596K [0x00000006c0000000, 0x00000006c4980000, 0x000000076ab00000)
  object space 75264K, 12% used [0x00000006c0000000,0x00000006c095f170,0x00000006c4980000)
 Metaspace       used 24088K, capacity 24489K, committed 24624K, reserved 1071104K
  class space    used 2426K, capacity 2553K, committed 2608K, reserved 1048576K
Event: 7.440 GC heap after
Heap after GC invocations=3 (full 1):
 PSYoungGen      total 76288K, used 10735K [0x000000076ab00000, 0x0000000770000000, 0x00000007c0000000)
  eden space 65536K, 0% used [0x000000076ab00000,0x000000076ab00000,0x000000076eb00000)
  from space 10752K, 99% used [0x000000076f580000,0x000000076fffbc10,0x0000000770000000)
  to   space 10752K, 0% used [0x000000076eb00000,0x000000076eb00000,0x000000076f580000)
 ParOldGen       total 75264K, used 15960K [0x00000006c0000000, 0x00000006c4980000, 0x000000076ab00000)
  object space 75264K, 21% used [0x00000006c0000000,0x00000006c0f960b8,0x00000006c4980000)
 Metaspace       used 24088K, capacity 24489K, committed 24624K, reserved 1071104K
  class space    used 2426K, capacity 2553K, committed 2608K, reserved 1048576K
}
Event: 19.262 GC heap before
{Heap before GC invocations=4 (full 1):
 PSYoungGen      total 76288K, used 76271K [0x000000076ab00000, 0x0000000770000000, 0x00000007c0000000)
  eden space 65536K, 100% used [0x000000076ab00000,0x000000076eb00000,0x000000076eb00000)
  from space 10752K, 99% used [0x000000076f580000,0x000000076fffbc10,0x0000000770000000)
  to   space 10752K, 0% used [0x000000076eb00000,0x000000076eb00000,0x000000076f580000)
 ParOldGen       total 75264K, used 15960K [0x00000006c0000000, 0x00000006c4980000, 0x000000076ab00000)
  object space 75264K, 21% used [0x00000006c0000000,0x00000006c0f960b8,0x00000006c4980000)
 Metaspace       used 24371K, capacity 24745K, committed 24880K, reserved 1071104K
  class space    used 2426K, capacity 2553K, committed 2608K, reserved 1048576K
Event: 19.266 GC heap after
Heap after GC invocations=4 (full 1):
 PSYoungGen      total 76288K, used 10751K [0x000000076ab00000, 0x0000000770000000, 0x00000007c0000000)
  eden space 65536K, 0% used [0x000000076ab00000,0x000000076ab00000,0x000000076eb00000)
  from space 10752K, 99% used [0x000000076eb00000,0x000000076f57fc00,0x000000076f580000)
  to   space 10752K, 0% used [0x000000076f580000,0x000000076f580000,0x0000000770000000)
 ParOldGen       total 75264K, used 16024K [0x00000006c0000000, 0x00000006c4980000, 0x000000076ab00000)
  object space 75264K, 21% used [0x00000006c0000000,0x00000006c0fa60b8,0x00000006c4980000)
 Metaspace       used 24371K, capacity 24745K, committed 24880K, reserved 1071104K
  class space    used 2426K, capacity 2553K, committed 2608K, reserved 1048576K
}

