# JRE version: Java(TM) SE Runtime Environment (8.0_202-b08) (build 1.8.0_202-b08)
# Java VM: Java HotSpot(TM) 64-Bit Server VM (25.202-b08 mixed mode bsd-amd64 compressed oops)
Heap:
 PSYoungGen      total 76288K, used 33791K [0x000000076ab00000, 0x0000000774000000, 0x00000007c0000000)
  eden space 65536K, 51% used [0x000000076ab00000,0x000000076cbfff00,0x000000076eb00000)
  from space 10752K, 0% used [0x000000076f580000,0x000000076f580000,0x0000000770000000)
  to   space 10752K, 0% used [0x000000076eb00000,0x000000076eb00000,0x000000076f580000)
 ParOldGen       total 79360K, used 6992K [0x00000006c0000000, 0x00000006c4d80000, 0x000000076ab00000)
  object space 79360K, 8% used [0x00000006c0000000,0x00000006c06d43e8,0x00000006c4d80000)
 Metaspace       used 24145K, capacity 24625K, committed 24960K, reserved 1071104K
  class space    used 2460K, capacity 2619K, committed 2688K, reserved 1048576K
GC Heap History (6 events):
Event: 5.055 GC heap before
{Heap before GC invocations=1 (full 0):
 PSYoungGen      total 76288K, used 65536K [0x000000076ab00000, 0x0000000770000000, 0x00000007c0000000)
  eden space 65536K, 100% used [0x000000076ab00000,0x000000076eb00000,0x000000076eb00000)
  from space 10752K, 0% used [0x000000076f580000,0x000000076f580000,0x0000000770000000)
  to   space 10752K, 0% used [0x000000076eb00000,0x000000076eb00000,0x000000076f580000)
 ParOldGen       total 175104K, used 0K [0x00000006c0000000, 0x00000006cab00000, 0x000000076ab00000)
  object space 175104K, 0% used [0x00000006c0000000,0x00000006c0000000,0x00000006cab00000)
 Metaspace       used 20124K, capacity 20457K, committed 20736K, reserved 1067008K
  class space    used 2091K, capacity 2195K, committed 2304K, reserved 1048576K
Event: 5.062 GC heap after
Heap after GC invocations=1 (full 0):
 PSYoungGen      total 76288K, used 9735K [0x000000076ab00000, 0x0000000770000000, 0x00000007c0000000)
  eden space 65536K, 0% used [0x000000076ab00000,0x000000076ab00000,0x000000076eb00000)
  from space 10752K, 90% used [0x000000076eb00000,0x000000076f481e98,0x000000076f580000)
  to   space 10752K, 0% used [0x000000076f580000,0x000000076f580000,0x0000000770000000)
 ParOldGen       total 175104K, used 16K [0x00000006c0000000, 0x00000006cab00000, 0x000000076ab00000)
  object space 175104K, 0% used [0x00000006c0000000,0x00000006c0004000,0x00000006cab00000)
 Metaspace       used 20124K, capacity 20457K, committed 20736K, reserved 1067008K
  class space    used 2091K, capacity 2195K, committed 2304K, reserved 1048576K
}
Event: 5.111 GC heap before
{Heap before GC invocations=2 (full 0):
 PSYoungGen      total 76288K, used 18329K [0x000000076ab00000, 0x0000000770000000, 0x00000007c0000000)
  eden space 65536K, 13% used [0x000000076ab00000,0x000000076b3648f0,0x000000076eb00000)
  from space 10752K, 90% used [0x000000076eb00000,0x000000076f481e98,0x000000076f580000)
  to   space 10752K, 0% used [0x000000076f580000,0x000000076f580000,0x0000000770000000)
 ParOldGen       total 175104K, used 16K [0x00000006c0000000, 0x00000006cab00000, 0x000000076ab00000)
  object space 175104K, 0% used [0x00000006c0000000,0x00000006c0004000,0x00000006cab00000)
 Metaspace       used 20799K, capacity 21149K, committed 21248K, reserved 1069056K
  class space    used 2165K, capacity 2295K, committed 2304K, reserved 1048576K
Event: 5.116 GC heap after
Heap after GC invocations=2 (full 0):
 PSYoungGen      total 76288K, used 7178K [0x000000076ab00000, 0x0000000774000000, 0x00000007c0000000)
  eden space 65536K, 0% used [0x000000076ab00000,0x000000076ab00000,0x000000076eb00000)
  from space 10752K, 66% used [0x000000076f580000,0x000000076fc828d0,0x0000000770000000)
  to   space 10752K, 0% used [0x000000076eb00000,0x000000076eb00000,0x000000076f580000)
 ParOldGen       total 175104K, used 24K [0x00000006c0000000, 0x00000006cab00000, 0x000000076ab00000)
  object space 175104K, 0% used [0x00000006c0000000,0x00000006c0006000,0x00000006cab00000)
 Metaspace       used 20799K, capacity 21149K, committed 21248K, reserved 1069056K
  class space    used 2165K, capacity 2295K, committed 2304K, reserved 1048576K
}
Event: 5.116 GC heap before
{Heap before GC invocations=3 (full 1):
 PSYoungGen      total 76288K, used 7178K [0x000000076ab00000, 0x0000000774000000, 0x00000007c0000000)
  eden space 65536K, 0% used [0x000000076ab00000,0x000000076ab00000,0x000000076eb00000)
  from space 10752K, 66% used [0x000000076f580000,0x000000076fc828d0,0x0000000770000000)
  to   space 10752K, 0% used [0x000000076eb00000,0x000000076eb00000,0x000000076f580000)
 ParOldGen       total 175104K, used 24K [0x00000006c0000000, 0x00000006cab00000, 0x000000076ab00000)
  object space 175104K, 0% used [0x00000006c0000000,0x00000006c0006000,0x00000006cab00000)
 Metaspace       used 20799K, capacity 21149K, committed 21248K, reserved 1069056K
  class space    used 2165K, capacity 2295K, committed 2304K, reserved 1048576K
Event: 5.141 GC heap after
Heap after GC invocations=3 (full 1):
 PSYoungGen      total 76288K, used 0K [0x000000076ab00000, 0x0000000774000000, 0x00000007c0000000)
  eden space 65536K, 0% used [0x000000076ab00000,0x000000076ab00000,0x000000076eb00000)
  from space 10752K, 0% used [0x000000076f580000,0x000000076f580000,0x0000000770000000)
  to   space 10752K, 0% used [0x000000076eb00000,0x000000076eb00000,0x000000076f580000)
 ParOldGen       total 79360K, used 6992K [0x00000006c0000000, 0x00000006c4d80000, 0x000000076ab00000)
  object space 79360K, 8% used [0x00000006c0000000,0x00000006c06d43e8,0x00000006c4d80000)
 Metaspace       used 20799K, capacity 21149K, committed 21248K, reserved 1069056K
  class space    used 2165K, capacity 2295K, committed 2304K, reserved 1048576K
}

