# JRE version: Java(TM) SE Runtime Environment (8.0_202-b08) (build 1.8.0_202-b08)
# Java VM: Java HotSpot(TM) 64-Bit Server VM (25.202-b08 mixed mode bsd-amd64 compressed oops)
Heap:
 PSYoungGen      total 333824K, used 17304K [0x000000076ab00000, 0x0000000785e80000, 0x00000007c0000000)
  eden space 317440K, 5% used [0x000000076ab00000,0x000000076bb96248,0x000000077e100000)
  from space 16384K, 1% used [0x000000077e100000,0x000000077e150000,0x000000077f100000)
  to   space 17408K, 0% used [0x0000000784d80000,0x0000000784d80000,0x0000000785e80000)
 ParOldGen       total 81408K, used 23603K [0x00000006c0000000, 0x00000006c4f80000, 0x000000076ab00000)
  object space 81408K, 28% used [0x00000006c0000000,0x00000006c170cfa8,0x00000006c4f80000)
 Metaspace       used 24892K, capacity 25323K, committed 25728K, reserved 1073152K
  class space    used 2461K, capacity 2590K, committed 2688K, reserved 1048576K
GC Heap History (10 events):
Event: 14.573 GC heap before
{Heap before GC invocations=6 (full 1):
 PSYoungGen      total 128512K, used 128502K [0x000000076ab00000, 0x0000000773580000, 0x00000007c0000000)
  eden space 117760K, 100% used [0x000000076ab00000,0x0000000771e00000,0x0000000771e00000)
  from space 10752K, 99% used [0x0000000772b00000,0x000000077357dba8,0x0000000773580000)
  to   space 10752K, 0% used [0x0000000772080000,0x0000000772080000,0x0000000772b00000)
 ParOldGen       total 81408K, used 12958K [0x00000006c0000000, 0x00000006c4f80000, 0x000000076ab00000)
  object space 81408K, 15% used [0x00000006c0000000,0x00000006c0ca7a58,0x00000006c4f80000)
 Metaspace       used 24593K, capacity 24953K, committed 25088K, reserved 1071104K
  class space    used 2448K, capacity 2555K, committed 2560K, reserved 1048576K
Event: 14.580 GC heap after
Heap after GC invocations=6 (full 1):
 PSYoungGen      total 131072K, used 10676K [0x000000076ab00000, 0x0000000779280000, 0x00000007c0000000)
  eden space 120320K, 0% used [0x000000076ab00000,0x000000076ab00000,0x0000000772080000)
  from space 10752K, 99% used [0x0000000772080000,0x0000000772aed280,0x0000000772b00000)
  to   space 15872K, 0% used [0x0000000778300000,0x0000000778300000,0x0000000779280000)
 ParOldGen       total 81408K, used 12966K [0x00000006c0000000, 0x00000006c4f80000, 0x000000076ab00000)
  object space 81408K, 15% used [0x00000006c0000000,0x00000006c0ca9a58,0x00000006c4f80000)
 Metaspace       used 24593K, capacity 24953K, committed 25088K, reserved 1071104K
  class space    used 2448K, capacity 2555K, committed 2560K, reserved 1048576K
}
Event: 20.771 GC heap before
{Heap before GC invocations=7 (full 1):
 PSYoungGen      total 131072K, used 130996K [0x000000076ab00000, 0x0000000779280000, 0x00000007c0000000)
  eden space 120320K, 100% used [0x000000076ab00000,0x0000000772080000,0x0000000772080000)
  from space 10752K, 99% used [0x0000000772080000,0x0000000772aed280,0x0000000772b00000)
  to   space 15872K, 0% used [0x0000000778300000,0x0000000778300000,0x0000000779280000)
 ParOldGen       total 81408K, used 12966K [0x00000006c0000000, 0x00000006c4f80000, 0x000000076ab00000)
  object space 81408K, 15% used [0x00000006c0000000,0x00000006c0ca9a58,0x00000006c4f80000)
 Metaspace       used 24601K, capacity 24953K, committed 25088K, reserved 1071104K
  class space    used 2448K, capacity 2555K, committed 2560K, reserved 1048576K
Event: 20.777 GC heap after
Heap after GC invocations=7 (full 1):
 PSYoungGen      total 215040K, used 10726K [0x000000076ab00000, 0x0000000778e80000, 0x00000007c0000000)
  eden space 203264K, 0% used [0x000000076ab00000,0x000000076ab00000,0x0000000777180000)
  from space 11776K, 91% used [0x0000000778300000,0x0000000778d79958,0x0000000778e80000)
  to   space 14848K, 0% used [0x0000000777180000,0x0000000777180000,0x0000000778000000)
 ParOldGen       total 81408K, used 12974K [0x00000006c0000000, 0x00000006c4f80000, 0x000000076ab00000)
  object space 81408K, 15% used [0x00000006c0000000,0x00000006c0caba58,0x00000006c4f80000)
 Metaspace       used 24601K, capacity 24953K, committed 25088K, reserved 1071104K
  class space    used 2448K, capacity 2555K, committed 2560K, reserved 1048576K
}
Event: 30.803 GC heap before
{Heap before GC invocations=8 (full 1):
 PSYoungGen      total 215040K, used 213990K [0x000000076ab00000, 0x0000000778e80000, 0x00000007c0000000)
  eden space 203264K, 100% used [0x000000076ab00000,0x0000000777180000,0x0000000777180000)
  from space 11776K, 91% used [0x0000000778300000,0x0000000778d79958,0x0000000778e80000)
  to   space 14848K, 0% used [0x0000000777180000,0x0000000777180000,0x0000000778000000)
 ParOldGen       total 81408K, used 12974K [0x00000006c0000000, 0x00000006c4f80000, 0x000000076ab00000)
  object space 81408K, 15% used [0x00000006c0000000,0x00000006c0caba58,0x00000006c4f80000)
 Metaspace       used 24810K, capacity 25159K, committed 25344K, reserved 1073152K
  class space    used 2449K, capacity 2556K, committed 2560K, reserved 1048576K
Event: 30.808 GC heap after
Heap after GC invocations=8 (full 1):
 PSYoungGen      total 218112K, used 10820K [0x000000076ab00000, 0x0000000780a00000, 0x00000007c0000000)
  eden space 203264K, 0% used [0x000000076ab00000,0x000000076ab00000,0x0000000777180000)
  from space 14848K, 72% used [0x0000000777180000,0x0000000777c11270,0x0000000778000000)
  to   space 14336K, 0% used [0x000000077fc00000,0x000000077fc00000,0x0000000780a00000)
 ParOldGen       total 81408K, used 12974K [0x00000006c0000000, 0x00000006c4f80000, 0x000000076ab00000)
  object space 81408K, 15% used [0x00000006c0000000,0x00000006c0caba58,0x00000006c4f80000)
 Metaspace       used 24810K, capacity 25159K, committed 25344K, reserved 1073152K
  class space    used 2449K, capacity 2556K, committed 2560K, reserved 1048576K
}
Event: 41.369 GC heap before
{Heap before GC invocations=9 (full 1):
 PSYoungGen      total 218112K, used 214084K [0x000000076ab00000, 0x0000000780a00000, 0x00000007c0000000)
  eden space 203264K, 100% used [0x000000076ab00000,0x0000000777180000,0x0000000777180000)
  from space 14848K, 72% used [0x0000000777180000,0x0000000777c11270,0x0000000778000000)
  to   space 14336K, 0% used [0x000000077fc00000,0x000000077fc00000,0x0000000780a00000)
 ParOldGen       total 81408K, used 12974K [0x00000006c0000000, 0x00000006c4f80000, 0x000000076ab00000)
  object space 81408K, 15% used [0x00000006c0000000,0x00000006c0caba58,0x00000006c4f80000)
 Metaspace       used 24816K, capacity 25159K, committed 25344K, reserved 1073152K
  class space    used 2449K, capacity 2556K, committed 2560K, reserved 1048576K
Event: 41.376 GC heap after
Heap after GC invocations=9 (full 1):
 PSYoungGen      total 322560K, used 352K [0x000000076ab00000, 0x0000000780100000, 0x00000007c0000000)
  eden space 317440K, 0% used [0x000000076ab00000,0x000000076ab00000,0x000000077e100000)
  from space 5120K, 6% used [0x000000077fc00000,0x000000077fc58000,0x0000000780100000)
  to   space 16384K, 0% used [0x000000077e100000,0x000000077e100000,0x000000077f100000)
 ParOldGen       total 81408K, used 23515K [0x00000006c0000000, 0x00000006c4f80000, 0x000000076ab00000)
  object space 81408K, 28% used [0x00000006c0000000,0x00000006c16f6fa8,0x00000006c4f80000)
 Metaspace       used 24816K, capacity 25159K, committed 25344K, reserved 1073152K
  class space    used 2449K, capacity 2556K, committed 2560K, reserved 1048576K
}
Event: 57.886 GC heap before
{Heap before GC invocations=10 (full 1):
 PSYoungGen      total 322560K, used 317792K [0x000000076ab00000, 0x0000000780100000, 0x00000007c0000000)
  eden space 317440K, 100% used [0x000000076ab00000,0x000000077e100000,0x000000077e100000)
  from space 5120K, 6% used [0x000000077fc00000,0x000000077fc58000,0x0000000780100000)
  to   space 16384K, 0% used [0x000000077e100000,0x000000077e100000,0x000000077f100000)
 ParOldGen       total 81408K, used 23515K [0x00000006c0000000, 0x00000006c4f80000, 0x000000076ab00000)
  object space 81408K, 28% used [0x00000006c0000000,0x00000006c16f6fa8,0x00000006c4f80000)
 Metaspace       used 24827K, capacity 25223K, committed 25344K, reserved 1073152K
  class space    used 2449K, capacity 2556K, committed 2560K, reserved 1048576K
Event: 57.888 GC heap after
Heap after GC invocations=10 (full 1):
 PSYoungGen      total 333824K, used 320K [0x000000076ab00000, 0x0000000785e80000, 0x00000007c0000000)
  eden space 317440K, 0% used [0x000000076ab00000,0x000000076ab00000,0x000000077e100000)
  from space 16384K, 1% used [0x000000077e100000,0x000000077e150000,0x000000077f100000)
  to   space 17408K, 0% used [0x0000000784d80000,0x0000000784d80000,0x0000000785e80000)
 ParOldGen       total 81408K, used 23603K [0x00000006c0000000, 0x00000006c4f80000, 0x000000076ab00000)
  object space 81408K, 28% used [0x00000006c0000000,0x00000006c170cfa8,0x00000006c4f80000)
 Metaspace       used 24827K, capacity 25223K, committed 25344K, reserved 1073152K
  class space    used 2449K, capacity 2556K, committed 2560K, reserved 1048576K
}

