# JRE version: Java(TM) SE Runtime Environment (8.0_202-b08) (build 1.8.0_202-b08)
# Java VM: Java HotSpot(TM) 64-Bit Server VM (25.202-b08 mixed mode bsd-amd64 compressed oops)
Heap:
 PSYoungGen      total 76288K, used 26984K [0x000000076ab00000, 0x0000000770000000, 0x00000007c0000000)
  eden space 65536K, 24% used [0x000000076ab00000,0x000000076badef38,0x000000076eb00000)
  from space 10752K, 99% used [0x000000076f580000,0x000000076fffb1f0,0x0000000770000000)
  to   space 10752K, 0% used [0x000000076eb00000,0x000000076eb00000,0x000000076f580000)
 ParOldGen       total 75264K, used 22283K [0x00000006c0000000, 0x00000006c4980000, 0x000000076ab00000)
  object space 75264K, 29% used [0x00000006c0000000,0x00000006c15c2e30,0x00000006c4980000)
 Metaspace       used 24563K, capacity 24955K, committed 25136K, reserved 1071104K
  class space    used 2433K, capacity 2556K, committed 2608K, reserved 1048576K
GC Heap History (10 events):
Event: 3.851 GC heap before
{Heap before GC invocations=1 (full 0):
 PSYoungGen      total 76288K, used 59302K [0x000000076ab00000, 0x0000000770000000, 0x00000007c0000000)
  eden space 65536K, 90% used [0x000000076ab00000,0x000000076e4e9bb0,0x000000076eb00000)
  from space 10752K, 0% used [0x000000076f580000,0x000000076f580000,0x0000000770000000)
  to   space 10752K, 0% used [0x000000076eb00000,0x000000076eb00000,0x000000076f580000)
 ParOldGen       total 175104K, used 0K [0x00000006c0000000, 0x00000006cab00000, 0x000000076ab00000)
  object space 175104K, 0% used [0x00000006c0000000,0x00000006c0000000,0x00000006cab00000)
 Metaspace       used 20809K, capacity 21229K, committed 21296K, reserved 1069056K
  class space    used 2176K, capacity 2325K, committed 2352K, reserved 1048576K
Event: 3.859 GC heap after
Heap after GC invocations=1 (full 0):
 PSYoungGen      total 76288K, used 9962K [0x000000076ab00000, 0x0000000770000000, 0x00000007c0000000)
  eden space 65536K, 0% used [0x000000076ab00000,0x000000076ab00000,0x000000076eb00000)
  from space 10752K, 92% used [0x000000076eb00000,0x000000076f4babd0,0x000000076f580000)
  to   space 10752K, 0% used [0x000000076f580000,0x000000076f580000,0x0000000770000000)
 ParOldGen       total 175104K, used 24K [0x00000006c0000000, 0x00000006cab00000, 0x000000076ab00000)
  object space 175104K, 0% used [0x00000006c0000000,0x00000006c0006000,0x00000006cab00000)
 Metaspace       used 20809K, capacity 21229K, committed 21296K, reserved 1069056K
  class space    used 2176K, capacity 2325K, committed 2352K, reserved 1048576K
}
Event: 3.859 GC heap before
{Heap before GC invocations=2 (full 1):
 PSYoungGen      total 76288K, used 9962K [0x000000076ab00000, 0x0000000770000000, 0x00000007c0000000)
  eden space 65536K, 0% used [0x000000076ab00000,0x000000076ab00000,0x000000076eb00000)
  from space 10752K, 92% used [0x000000076eb00000,0x000000076f4babd0,0x000000076f580000)
  to   space 10752K, 0% used [0x000000076f580000,0x000000076f580000,0x0000000770000000)
 ParOldGen       total 175104K, used 24K [0x00000006c0000000, 0x00000006cab00000, 0x000000076ab00000)
  object space 175104K, 0% used [0x00000006c0000000,0x00000006c0006000,0x00000006cab00000)
 Metaspace       used 20809K, capacity 21229K, committed 21296K, reserved 1069056K
  class space    used 2176K, capacity 2325K, committed 2352K, reserved 1048576K
Event: 3.885 GC heap after
Heap after GC invocations=2 (full 1):
 PSYoungGen      total 76288K, used 0K [0x000000076ab00000, 0x0000000770000000, 0x00000007c0000000)
  eden space 65536K, 0% used [0x000000076ab00000,0x000000076ab00000,0x000000076eb00000)
  from space 10752K, 0% used [0x000000076eb00000,0x000000076eb00000,0x000000076f580000)
  to   space 10752K, 0% used [0x000000076f580000,0x000000076f580000,0x0000000770000000)
 ParOldGen       total 75264K, used 9583K [0x00000006c0000000, 0x00000006c4980000, 0x000000076ab00000)
  object space 75264K, 12% used [0x00000006c0000000,0x00000006c095bfb0,0x00000006c4980000)
 Metaspace       used 20809K, capacity 21229K, committed 21296K, reserved 1069056K
  class space    used 2176K, capacity 2325K, committed 2352K, reserved 1048576K
}
Event: 7.670 GC heap before
{Heap before GC invocations=3 (full 1):
 PSYoungGen      total 76288K, used 65536K [0x000000076ab00000, 0x0000000770000000, 0x00000007c0000000)
  eden space 65536K, 100% used [0x000000076ab00000,0x000000076eb00000,0x000000076eb00000)
  from space 10752K, 0% used [0x000000076eb00000,0x000000076eb00000,0x000000076f580000)
  to   space 10752K, 0% used [0x000000076f580000,0x000000076f580000,0x0000000770000000)
 ParOldGen       total 75264K, used 9583K [0x00000006c0000000, 0x00000006c4980000, 0x000000076ab00000)
  object space 75264K, 12% used [0x00000006c0000000,0x00000006c095bfb0,0x00000006c4980000)
 Metaspace       used 23904K, capacity 24287K, committed 24624K, reserved 1071104K
  class space    used 2417K, capacity 2552K, committed 2608K, reserved 1048576K
Event: 7.679 GC heap after
Heap after GC invocations=3 (full 1):
 PSYoungGen      total 76288K, used 10732K [0x000000076ab00000, 0x0000000770000000, 0x00000007c0000000)
  eden space 65536K, 0% used [0x000000076ab00000,0x000000076ab00000,0x000000076eb00000)
  from space 10752K, 99% used [0x000000076f580000,0x000000076fffb1e0,0x0000000770000000)
  to   space 10752K, 0% used [0x000000076eb00000,0x000000076eb00000,0x000000076f580000)
 ParOldGen       total 75264K, used 15789K [0x00000006c0000000, 0x00000006c4980000, 0x000000076ab00000)
  object space 75264K, 20% used [0x00000006c0000000,0x00000006c0f6b618,0x00000006c4980000)
 Metaspace       used 23904K, capacity 24287K, committed 24624K, reserved 1071104K
  class space    used 2417K, capacity 2552K, committed 2608K, reserved 1048576K
}
Event: 19.686 GC heap before
{Heap before GC invocations=4 (full 1):
 PSYoungGen      total 76288K, used 76268K [0x000000076ab00000, 0x0000000770000000, 0x00000007c0000000)
  eden space 65536K, 100% used [0x000000076ab00000,0x000000076eb00000,0x000000076eb00000)
  from space 10752K, 99% used [0x000000076f580000,0x000000076fffb1e0,0x0000000770000000)
  to   space 10752K, 0% used [0x000000076eb00000,0x000000076eb00000,0x000000076f580000)
 ParOldGen       total 75264K, used 15789K [0x00000006c0000000, 0x00000006c4980000, 0x000000076ab00000)
  object space 75264K, 20% used [0x00000006c0000000,0x00000006c0f6b618,0x00000006c4980000)
 Metaspace       used 24438K, capacity 24823K, committed 25136K, reserved 1071104K
  class space    used 2421K, capacity 2554K, committed 2608K, reserved 1048576K
Event: 19.689 GC heap after
Heap after GC invocations=4 (full 1):
 PSYoungGen      total 76288K, used 10748K [0x000000076ab00000, 0x0000000770000000, 0x00000007c0000000)
  eden space 65536K, 0% used [0x000000076ab00000,0x000000076ab00000,0x000000076eb00000)
  from space 10752K, 99% used [0x000000076eb00000,0x000000076f57f1d0,0x000000076f580000)
  to   space 10752K, 0% used [0x000000076f580000,0x000000076f580000,0x0000000770000000)
 ParOldGen       total 75264K, used 15922K [0x00000006c0000000, 0x00000006c4980000, 0x000000076ab00000)
  object space 75264K, 21% used [0x00000006c0000000,0x00000006c0f8c890,0x00000006c4980000)
 Metaspace       used 24438K, capacity 24823K, committed 25136K, reserved 1071104K
  class space    used 2421K, capacity 2554K, committed 2608K, reserved 1048576K
}
Event: 24.055 GC heap before
{Heap before GC invocations=5 (full 1):
 PSYoungGen      total 76288K, used 76284K [0x000000076ab00000, 0x0000000770000000, 0x00000007c0000000)
  eden space 65536K, 100% used [0x000000076ab00000,0x000000076eb00000,0x000000076eb00000)
  from space 10752K, 99% used [0x000000076eb00000,0x000000076f57f1d0,0x000000076f580000)
  to   space 10752K, 0% used [0x000000076f580000,0x000000076f580000,0x0000000770000000)
 ParOldGen       total 75264K, used 15922K [0x00000006c0000000, 0x00000006c4980000, 0x000000076ab00000)
  object space 75264K, 21% used [0x00000006c0000000,0x00000006c0f8c890,0x00000006c4980000)
 Metaspace       used 24484K, capacity 24887K, committed 25136K, reserved 1071104K
  class space    used 2421K, capacity 2554K, committed 2608K, reserved 1048576K
Event: 24.060 GC heap after
Heap after GC invocations=5 (full 1):
 PSYoungGen      total 76288K, used 10732K [0x000000076ab00000, 0x0000000770000000, 0x00000007c0000000)
  eden space 65536K, 0% used [0x000000076ab00000,0x000000076ab00000,0x000000076eb00000)
  from space 10752K, 99% used [0x000000076f580000,0x000000076fffb1f0,0x0000000770000000)
  to   space 10752K, 0% used [0x000000076eb00000,0x000000076eb00000,0x000000076f580000)
 ParOldGen       total 75264K, used 22283K [0x00000006c0000000, 0x00000006c4980000, 0x000000076ab00000)
  object space 75264K, 29% used [0x00000006c0000000,0x00000006c15c2e30,0x00000006c4980000)
 Metaspace       used 24484K, capacity 24887K, committed 25136K, reserved 1071104K
  class space    used 2421K, capacity 2554K, committed 2608K, reserved 1048576K
}

